0 info it worked if it ends with ok
1 verbose cli [ '/usr/local/bin/node', '/usr/local/bin/npm', 'run', 'start' ]
2 info using npm@4.0.5
3 info using node@v7.4.0
4 verbose run-script [ 'prestart', 'start', 'poststart' ]
5 info lifecycle react-battle@1.0.0~prestart: react-battle@1.0.0
6 silly lifecycle react-battle@1.0.0~prestart: no script for prestart, continuing
7 info lifecycle react-battle@1.0.0~start: react-battle@1.0.0
8 verbose lifecycle react-battle@1.0.0~start: unsafe-perm in lifecycle true
9 verbose lifecycle react-battle@1.0.0~start: PATH: /usr/local/lib/node_modules/npm/bin/node-gyp-bin:/Users/nedpike/WDI_front/front/javascript/react/reactBattle/node_modules/.bin:/Users/nedpike/.rvm/gems/ruby-2.3.0/bin:/Users/nedpike/.rvm/gems/ruby-2.3.0@global/bin:/Users/nedpike/.rvm/rubies/ruby-2.3.0/bin:/usr/local/bin:/usr/bin:/bin:/usr/sbin:/sbin:/Users/nedpike/.rvm/bin:/Users/nedpike/.rvm/bin:/Users/nedpike/rvm/bin:/Applications/Postgres.app/Contents/Versions/latest/bin
10 verbose lifecycle react-battle@1.0.0~start: CWD: /Users/nedpike/WDI_front/front/javascript/react/reactBattle
11 silly lifecycle react-battle@1.0.0~start: Args: [ '-c', 'node fuse.js' ]
12 silly lifecycle react-battle@1.0.0~start: Returned: code: 1  signal: null
13 info lifecycle react-battle@1.0.0~start: Failed to exec start script
14 verbose stack Error: react-battle@1.0.0 start: `node fuse.js`
14 verbose stack Exit status 1
14 verbose stack     at EventEmitter.<anonymous> (/usr/local/lib/node_modules/npm/lib/utils/lifecycle.js:279:16)
14 verbose stack     at emitTwo (events.js:106:13)
14 verbose stack     at EventEmitter.emit (events.js:191:7)
14 verbose stack     at ChildProcess.<anonymous> (/usr/local/lib/node_modules/npm/lib/utils/spawn.js:40:14)
14 verbose stack     at emitTwo (events.js:106:13)
14 verbose stack     at ChildProcess.emit (events.js:191:7)
14 verbose stack     at maybeClose (internal/child_process.js:885:16)
14 verbose stack     at Process.ChildProcess._handle.onexit (internal/child_process.js:226:5)
15 verbose pkgid react-battle@1.0.0
16 verbose cwd /Users/nedpike/WDI_front/front/javascript/react/reactBattle
17 error Darwin 16.0.0
18 error argv "/usr/local/bin/node" "/usr/local/bin/npm" "run" "start"
19 error node v7.4.0
20 error npm  v4.0.5
21 error code ELIFECYCLE
22 error react-battle@1.0.0 start: `node fuse.js`
22 error Exit status 1
23 error Failed at the react-battle@1.0.0 start script 'node fuse.js'.
23 error Make sure you have the latest version of node.js and npm installed.
23 error If you do, this is most likely a problem with the react-battle package,
23 error not with npm itself.
23 error Tell the author that this fails on your system:
23 error     node fuse.js
23 error You can get information on how to open an issue for this project with:
23 error     npm bugs react-battle
23 error Or if that isn't available, you can get their info via:
23 error     npm owner ls react-battle
23 error There is likely additional logging output above.
24 verbose exit [ 1, true ]
